#! /usr/bin/vvp
:ivl_version "11.0 (stable)";
:ivl_delay_selection "TYPICAL";
:vpi_time_precision + 0;
:vpi_module "/usr/lib/x86_64-linux-gnu/ivl/system.vpi";
:vpi_module "/usr/lib/x86_64-linux-gnu/ivl/vhdl_sys.vpi";
:vpi_module "/usr/lib/x86_64-linux-gnu/ivl/vhdl_textio.vpi";
:vpi_module "/usr/lib/x86_64-linux-gnu/ivl/v2005_math.vpi";
:vpi_module "/usr/lib/x86_64-linux-gnu/ivl/va_math.vpi";
S_0x55cdf57bc030 .scope module, "imm_decode_tb" "imm_decode_tb" 2 1;
 .timescale 0 0;
v0x55cdf57d0b00_0 .var "imm_control", 2 0;
v0x55cdf57d0bf0_0 .net "imm_op", 31 0, v0x55cdf57d08e0_0;  1 drivers
v0x55cdf57d0cc0_0 .net "input_op", 24 0, L_0x55cdf57d0e60;  1 drivers
v0x55cdf57d0dc0_0 .var "inst", 31 0;
L_0x55cdf57d0e60 .part v0x55cdf57d0dc0_0, 7, 25;
S_0x55cdf57bc1c0 .scope module, "test" "imm_decode" 2 9, 3 1 0, S_0x55cdf57bc030;
 .timescale 0 0;
    .port_info 0 /INPUT 25 "input_op";
    .port_info 1 /INPUT 3 "imm_control";
    .port_info 2 /OUTPUT 32 "imm_op";
v0x55cdf577ecf0_0 .net "imm_control", 2 0, v0x55cdf57d0b00_0;  1 drivers
v0x55cdf57d08e0_0 .var "imm_op", 31 0;
v0x55cdf57d09c0_0 .net "input_op", 31 7, L_0x55cdf57d0e60;  alias, 1 drivers
E_0x55cdf577f870 .event edge, v0x55cdf577ecf0_0, v0x55cdf57d09c0_0;
    .scope S_0x55cdf57bc1c0;
T_0 ;
    %wait E_0x55cdf577f870;
    %load/vec4 v0x55cdf577ecf0_0;
    %dup/vec4;
    %pushi/vec4 0, 0, 3;
    %cmp/u;
    %jmp/1 T_0.0, 6;
    %dup/vec4;
    %pushi/vec4 1, 0, 3;
    %cmp/u;
    %jmp/1 T_0.1, 6;
    %dup/vec4;
    %pushi/vec4 2, 0, 3;
    %cmp/u;
    %jmp/1 T_0.2, 6;
    %dup/vec4;
    %pushi/vec4 3, 0, 3;
    %cmp/u;
    %jmp/1 T_0.3, 6;
    %dup/vec4;
    %pushi/vec4 4, 0, 3;
    %cmp/u;
    %jmp/1 T_0.4, 6;
    %dup/vec4;
    %pushi/vec4 5, 0, 3;
    %cmp/u;
    %jmp/1 T_0.5, 6;
    %jmp T_0.6;
T_0.0 ;
    %pushi/vec4 0, 0, 32;
    %assign/vec4 v0x55cdf57d08e0_0, 0;
    %jmp T_0.6;
T_0.1 ;
    %pushi/vec4 0, 0, 20;
    %load/vec4 v0x55cdf57d09c0_0;
    %parti/s 12, 13, 5;
    %concat/vec4; draw_concat_vec4
    %assign/vec4 v0x55cdf57d08e0_0, 0;
    %jmp T_0.6;
T_0.2 ;
    %pushi/vec4 0, 0, 20;
    %load/vec4 v0x55cdf57d09c0_0;
    %parti/s 7, 18, 6;
    %concat/vec4; draw_concat_vec4
    %load/vec4 v0x55cdf57d09c0_0;
    %parti/s 5, 0, 2;
    %concat/vec4; draw_concat_vec4
    %assign/vec4 v0x55cdf57d08e0_0, 0;
    %jmp T_0.6;
T_0.3 ;
    %pushi/vec4 0, 0, 19;
    %load/vec4 v0x55cdf57d09c0_0;
    %parti/s 1, 24, 6;
    %concat/vec4; draw_concat_vec4
    %load/vec4 v0x55cdf57d09c0_0;
    %parti/s 1, 0, 2;
    %concat/vec4; draw_concat_vec4
    %load/vec4 v0x55cdf57d09c0_0;
    %parti/s 6, 18, 6;
    %concat/vec4; draw_concat_vec4
    %load/vec4 v0x55cdf57d09c0_0;
    %parti/s 4, 1, 2;
    %concat/vec4; draw_concat_vec4
    %concati/vec4 0, 0, 1;
    %assign/vec4 v0x55cdf57d08e0_0, 0;
    %jmp T_0.6;
T_0.4 ;
    %load/vec4 v0x55cdf57d09c0_0;
    %parti/s 20, 5, 4;
    %concati/vec4 0, 0, 12;
    %assign/vec4 v0x55cdf57d08e0_0, 0;
    %jmp T_0.6;
T_0.5 ;
    %pushi/vec4 0, 0, 11;
    %load/vec4 v0x55cdf57d09c0_0;
    %parti/s 1, 24, 6;
    %concat/vec4; draw_concat_vec4
    %load/vec4 v0x55cdf57d09c0_0;
    %parti/s 8, 5, 4;
    %concat/vec4; draw_concat_vec4
    %load/vec4 v0x55cdf57d09c0_0;
    %parti/s 1, 13, 5;
    %concat/vec4; draw_concat_vec4
    %load/vec4 v0x55cdf57d09c0_0;
    %parti/s 10, 14, 5;
    %concat/vec4; draw_concat_vec4
    %concati/vec4 0, 0, 1;
    %assign/vec4 v0x55cdf57d08e0_0, 0;
    %jmp T_0.6;
T_0.6 ;
    %pop/vec4 1;
    %jmp T_0;
    .thread T_0, $push;
    .scope S_0x55cdf57bc030;
T_1 ;
    %vpi_call 2 12 "$dumpfile", "test" {0 0 0};
    %vpi_call 2 13 "$dumpvars" {0 0 0};
    %pushi/vec4 128974867, 0, 32;
    %assign/vec4 v0x55cdf57d0dc0_0, 0;
    %pushi/vec4 1, 0, 3;
    %assign/vec4 v0x55cdf57d0b00_0, 0;
    %delay 10, 0;
    %pushi/vec4 335552675, 0, 32;
    %assign/vec4 v0x55cdf57d0dc0_0, 0;
    %pushi/vec4 2, 0, 3;
    %assign/vec4 v0x55cdf57d0b00_0, 0;
    %delay 10, 0;
    %pushi/vec4 611, 0, 32;
    %assign/vec4 v0x55cdf57d0dc0_0, 0;
    %pushi/vec4 3, 0, 3;
    %assign/vec4 v0x55cdf57d0b00_0, 0;
    %delay 10, 0;
    %pushi/vec4 172314679, 0, 32;
    %assign/vec4 v0x55cdf57d0dc0_0, 0;
    %pushi/vec4 4, 0, 3;
    %assign/vec4 v0x55cdf57d0b00_0, 0;
    %delay 10, 0;
    %pushi/vec4 4271894767, 0, 32;
    %assign/vec4 v0x55cdf57d0dc0_0, 0;
    %pushi/vec4 5, 0, 3;
    %assign/vec4 v0x55cdf57d0b00_0, 0;
    %delay 10, 0;
    %vpi_call 2 41 "$finish" {0 0 0};
    %end;
    .thread T_1;
# The file index is used to find the file name in the following table.
:file_names 4;
    "N/A";
    "<interactive>";
    "imm_decode_tb.v";
    "imm_decode.v";
