#! /usr/bin/vvp
:ivl_version "11.0 (stable)";
:ivl_delay_selection "TYPICAL";
:vpi_time_precision + 0;
:vpi_module "/usr/lib/x86_64-linux-gnu/ivl/system.vpi";
:vpi_module "/usr/lib/x86_64-linux-gnu/ivl/vhdl_sys.vpi";
:vpi_module "/usr/lib/x86_64-linux-gnu/ivl/vhdl_textio.vpi";
:vpi_module "/usr/lib/x86_64-linux-gnu/ivl/v2005_math.vpi";
:vpi_module "/usr/lib/x86_64-linux-gnu/ivl/va_math.vpi";
S_0x556087f7c770 .scope module, "alu_tb" "alu_tb" 2 1;
 .timescale 0 0;
v0x556087f8faf0_0 .var "alu_control", 3 0;
v0x556087f8fbd0_0 .net "alu_out", 31 0, v0x556087f8f690_0;  1 drivers
v0x556087f8fca0_0 .var "src_a", 31 0;
v0x556087f8fda0_0 .var "src_b", 31 0;
v0x556087f8fe70_0 .net "zero", 0 0, v0x556087f8f940_0;  1 drivers
S_0x556087f7c900 .scope module, "test" "alu" 2 8, 3 1 0, S_0x556087f7c770;
 .timescale 0 0;
    .port_info 0 /INPUT 32 "src_a";
    .port_info 1 /INPUT 32 "src_b";
    .port_info 2 /INPUT 4 "alu_control";
    .port_info 3 /OUTPUT 1 "zero";
    .port_info 4 /OUTPUT 32 "alu_out";
v0x556087f3dcf0_0 .net "alu_control", 3 0, v0x556087f8faf0_0;  1 drivers
v0x556087f8f690_0 .var "alu_out", 31 0;
v0x556087f8f770_0 .net "src_a", 31 0, v0x556087f8fca0_0;  1 drivers
v0x556087f8f860_0 .net "src_b", 31 0, v0x556087f8fda0_0;  1 drivers
v0x556087f8f940_0 .var "zero", 0 0;
E_0x556087f3e3f0 .event edge, v0x556087f8f690_0;
E_0x556087f3e6d0 .event edge, v0x556087f8f860_0, v0x556087f8f770_0, v0x556087f3dcf0_0;
    .scope S_0x556087f7c900;
T_0 ;
    %wait E_0x556087f3e6d0;
    %load/vec4 v0x556087f3dcf0_0;
    %dup/vec4;
    %pushi/vec4 0, 0, 4;
    %cmp/u;
    %jmp/1 T_0.0, 6;
    %dup/vec4;
    %pushi/vec4 1, 0, 4;
    %cmp/u;
    %jmp/1 T_0.1, 6;
    %dup/vec4;
    %pushi/vec4 2, 0, 4;
    %cmp/u;
    %jmp/1 T_0.2, 6;
    %dup/vec4;
    %pushi/vec4 3, 0, 4;
    %cmp/u;
    %jmp/1 T_0.3, 6;
    %dup/vec4;
    %pushi/vec4 4, 0, 4;
    %cmp/u;
    %jmp/1 T_0.4, 6;
    %dup/vec4;
    %pushi/vec4 5, 0, 4;
    %cmp/u;
    %jmp/1 T_0.5, 6;
    %dup/vec4;
    %pushi/vec4 6, 0, 4;
    %cmp/u;
    %jmp/1 T_0.6, 6;
    %dup/vec4;
    %pushi/vec4 7, 0, 4;
    %cmp/u;
    %jmp/1 T_0.7, 6;
    %dup/vec4;
    %pushi/vec4 8, 0, 4;
    %cmp/u;
    %jmp/1 T_0.8, 6;
    %dup/vec4;
    %pushi/vec4 9, 0, 4;
    %cmp/u;
    %jmp/1 T_0.9, 6;
    %jmp T_0.10;
T_0.0 ;
    %load/vec4 v0x556087f8f770_0;
    %load/vec4 v0x556087f8f860_0;
    %add;
    %assign/vec4 v0x556087f8f690_0, 0;
    %jmp T_0.10;
T_0.1 ;
    %load/vec4 v0x556087f8f770_0;
    %load/vec4 v0x556087f8f860_0;
    %and;
    %assign/vec4 v0x556087f8f690_0, 0;
    %jmp T_0.10;
T_0.2 ;
    %load/vec4 v0x556087f8f770_0;
    %load/vec4 v0x556087f8f860_0;
    %sub;
    %assign/vec4 v0x556087f8f690_0, 0;
    %jmp T_0.10;
T_0.3 ;
    %load/vec4 v0x556087f8f770_0;
    %load/vec4 v0x556087f8f860_0;
    %cmp/u;
    %flag_get/vec4 5;
    %pad/u 32;
    %assign/vec4 v0x556087f8f690_0, 0;
    %jmp T_0.10;
T_0.4 ;
    %load/vec4 v0x556087f8f770_0;
    %load/vec4 v0x556087f8f860_0;
    %div;
    %assign/vec4 v0x556087f8f690_0, 0;
    %jmp T_0.10;
T_0.5 ;
    %load/vec4 v0x556087f8f770_0;
    %load/vec4 v0x556087f8f860_0;
    %mod;
    %assign/vec4 v0x556087f8f690_0, 0;
    %jmp T_0.10;
T_0.6 ;
    %load/vec4 v0x556087f8f770_0;
    %ix/getv 4, v0x556087f8f860_0;
    %shiftl 4;
    %assign/vec4 v0x556087f8f690_0, 0;
    %jmp T_0.10;
T_0.7 ;
    %load/vec4 v0x556087f8f770_0;
    %ix/getv 4, v0x556087f8f860_0;
    %shiftr 4;
    %assign/vec4 v0x556087f8f690_0, 0;
    %jmp T_0.10;
T_0.8 ;
    %load/vec4 v0x556087f8f770_0;
    %ix/getv 4, v0x556087f8f860_0;
    %shiftr 4;
    %assign/vec4 v0x556087f8f690_0, 0;
    %jmp T_0.10;
T_0.9 ;
    %load/vec4 v0x556087f8f860_0;
    %load/vec4 v0x556087f8f770_0;
    %cmp/u;
    %flag_get/vec4 4;
    %flag_get/vec4 5;
    %or;
    %pad/u 32;
    %assign/vec4 v0x556087f8f690_0, 0;
    %jmp T_0.10;
T_0.10 ;
    %pop/vec4 1;
    %jmp T_0;
    .thread T_0, $push;
    .scope S_0x556087f7c900;
T_1 ;
    %wait E_0x556087f3e3f0;
    %load/vec4 v0x556087f8f690_0;
    %cmpi/e 0, 0, 32;
    %jmp/0xz  T_1.0, 4;
    %pushi/vec4 1, 0, 1;
    %store/vec4 v0x556087f8f940_0, 0, 1;
T_1.0 ;
    %jmp T_1;
    .thread T_1, $push;
    .scope S_0x556087f7c770;
T_2 ;
    %vpi_call 2 11 "$dumpfile", "test" {0 0 0};
    %vpi_call 2 12 "$dumpvars" {0 0 0};
    %pushi/vec4 0, 0, 32;
    %store/vec4 v0x556087f8fca0_0, 0, 32;
    %pushi/vec4 0, 0, 32;
    %store/vec4 v0x556087f8fda0_0, 0, 32;
    %pushi/vec4 0, 0, 4;
    %store/vec4 v0x556087f8faf0_0, 0, 4;
    %delay 10, 0;
    %vpi_call 2 20 "$finish" {0 0 0};
    %end;
    .thread T_2;
# The file index is used to find the file name in the following table.
:file_names 4;
    "N/A";
    "<interactive>";
    "alu_tb.v";
    "alu.v";
