#! /usr/bin/vvp
:ivl_version "11.0 (stable)";
:ivl_delay_selection "TYPICAL";
:vpi_time_precision + 0;
:vpi_module "/usr/lib/x86_64-linux-gnu/ivl/system.vpi";
:vpi_module "/usr/lib/x86_64-linux-gnu/ivl/vhdl_sys.vpi";
:vpi_module "/usr/lib/x86_64-linux-gnu/ivl/vhdl_textio.vpi";
:vpi_module "/usr/lib/x86_64-linux-gnu/ivl/v2005_math.vpi";
:vpi_module "/usr/lib/x86_64-linux-gnu/ivl/va_math.vpi";
S_0x562f67adb740 .scope module, "control_unit_tb" "control_unit_tb" 2 1;
 .timescale 0 0;
v0x562f67af5020_0 .net "alu_control", 3 0, v0x562f67a9bba0_0;  1 drivers
v0x562f67af5100_0 .net "alu_src", 0 0, v0x562f67af4750_0;  1 drivers
v0x562f67af51d0_0 .net "b_beq", 0 0, v0x562f67af4810_0;  1 drivers
v0x562f67af52d0_0 .net "b_jal", 0 0, v0x562f67af48b0_0;  1 drivers
v0x562f67af53a0_0 .net "b_jalr", 0 0, v0x562f67af4970_0;  1 drivers
v0x562f67af5440_0 .net "imm_control", 2 0, v0x562f67af4a80_0;  1 drivers
v0x562f67af5510_0 .var "inst", 31 0;
v0x562f67af55e0_0 .net "mem_to_reg", 0 0, v0x562f67af4c40_0;  1 drivers
v0x562f67af56b0_0 .net "mem_write", 0 0, v0x562f67af4d00_0;  1 drivers
v0x562f67af5780_0 .net "reg_write", 0 0, v0x562f67af4dc0_0;  1 drivers
S_0x562f67adb8d0 .scope module, "test" "control_unit" 2 9, 3 1 0, S_0x562f67adb740;
 .timescale 0 0;
    .port_info 0 /INPUT 32 "inst";
    .port_info 1 /OUTPUT 1 "b_beq";
    .port_info 2 /OUTPUT 1 "b_jal";
    .port_info 3 /OUTPUT 1 "b_jalr";
    .port_info 4 /OUTPUT 1 "reg_write";
    .port_info 5 /OUTPUT 1 "mem_to_reg";
    .port_info 6 /OUTPUT 1 "mem_write";
    .port_info 7 /OUTPUT 4 "alu_control";
    .port_info 8 /OUTPUT 1 "alu_src";
    .port_info 9 /OUTPUT 3 "imm_control";
v0x562f67a9bba0_0 .var "alu_control", 3 0;
v0x562f67af4750_0 .var "alu_src", 0 0;
v0x562f67af4810_0 .var "b_beq", 0 0;
v0x562f67af48b0_0 .var "b_jal", 0 0;
v0x562f67af4970_0 .var "b_jalr", 0 0;
v0x562f67af4a80_0 .var "imm_control", 2 0;
v0x562f67af4b60_0 .net "inst", 31 0, v0x562f67af5510_0;  1 drivers
v0x562f67af4c40_0 .var "mem_to_reg", 0 0;
v0x562f67af4d00_0 .var "mem_write", 0 0;
v0x562f67af4dc0_0 .var "reg_write", 0 0;
E_0x562f67ad3390 .event edge, v0x562f67af4b60_0;
    .scope S_0x562f67adb8d0;
T_0 ;
    %wait E_0x562f67ad3390;
    %load/vec4 v0x562f67af4b60_0;
    %parti/s 7, 0, 2;
    %dup/vec4;
    %pushi/vec4 51, 0, 7;
    %cmp/u;
    %jmp/1 T_0.0, 6;
    %dup/vec4;
    %pushi/vec4 19, 0, 7;
    %cmp/u;
    %jmp/1 T_0.1, 6;
    %jmp T_0.2;
T_0.0 ;
    %pushi/vec4 0, 0, 3;
    %assign/vec4 v0x562f67af4a80_0, 0;
    %pushi/vec4 1, 0, 1;
    %assign/vec4 v0x562f67af4dc0_0, 0;
    %pushi/vec4 0, 0, 3;
    %assign/vec4 v0x562f67af4a80_0, 0;
    %pushi/vec4 0, 0, 1;
    %assign/vec4 v0x562f67af4750_0, 0;
    %pushi/vec4 0, 0, 1;
    %assign/vec4 v0x562f67af4c40_0, 0;
    %pushi/vec4 0, 0, 1;
    %assign/vec4 v0x562f67af4d00_0, 0;
    %pushi/vec4 0, 0, 1;
    %assign/vec4 v0x562f67af4810_0, 0;
    %pushi/vec4 0, 0, 1;
    %assign/vec4 v0x562f67af48b0_0, 0;
    %pushi/vec4 0, 0, 1;
    %assign/vec4 v0x562f67af4970_0, 0;
    %load/vec4 v0x562f67af4b60_0;
    %parti/s 7, 25, 6;
    %pushi/vec4 0, 0, 7;
    %cmp/e;
    %flag_get/vec4 4;
    %load/vec4 v0x562f67af4b60_0;
    %parti/s 3, 12, 5;
    %pushi/vec4 0, 0, 3;
    %cmp/e;
    %flag_get/vec4 4;
    %and;
    %flag_set/vec4 8;
    %jmp/0xz  T_0.3, 8;
    %pushi/vec4 0, 0, 4;
    %assign/vec4 v0x562f67a9bba0_0, 0;
T_0.3 ;
    %load/vec4 v0x562f67af4b60_0;
    %parti/s 7, 25, 6;
    %pushi/vec4 0, 0, 7;
    %cmp/e;
    %flag_get/vec4 4;
    %load/vec4 v0x562f67af4b60_0;
    %parti/s 3, 12, 5;
    %pushi/vec4 7, 0, 3;
    %cmp/e;
    %flag_get/vec4 4;
    %and;
    %flag_set/vec4 8;
    %jmp/0xz  T_0.5, 8;
    %pushi/vec4 1, 0, 4;
    %assign/vec4 v0x562f67a9bba0_0, 0;
T_0.5 ;
    %load/vec4 v0x562f67af4b60_0;
    %parti/s 7, 25, 6;
    %pushi/vec4 32, 0, 7;
    %cmp/e;
    %flag_get/vec4 4;
    %load/vec4 v0x562f67af4b60_0;
    %parti/s 3, 12, 5;
    %pushi/vec4 0, 0, 3;
    %cmp/e;
    %flag_get/vec4 4;
    %and;
    %flag_set/vec4 8;
    %jmp/0xz  T_0.7, 8;
    %pushi/vec4 2, 0, 4;
    %assign/vec4 v0x562f67a9bba0_0, 0;
T_0.7 ;
    %load/vec4 v0x562f67af4b60_0;
    %parti/s 7, 25, 6;
    %pushi/vec4 0, 0, 7;
    %cmp/e;
    %flag_get/vec4 4;
    %load/vec4 v0x562f67af4b60_0;
    %parti/s 3, 12, 5;
    %pushi/vec4 2, 0, 3;
    %cmp/e;
    %flag_get/vec4 4;
    %and;
    %flag_set/vec4 8;
    %jmp/0xz  T_0.9, 8;
    %pushi/vec4 3, 0, 4;
    %assign/vec4 v0x562f67a9bba0_0, 0;
T_0.9 ;
    %load/vec4 v0x562f67af4b60_0;
    %parti/s 7, 25, 6;
    %pushi/vec4 1, 0, 7;
    %cmp/e;
    %flag_get/vec4 4;
    %load/vec4 v0x562f67af4b60_0;
    %parti/s 3, 12, 5;
    %pushi/vec4 4, 0, 3;
    %cmp/e;
    %flag_get/vec4 4;
    %and;
    %flag_set/vec4 8;
    %jmp/0xz  T_0.11, 8;
    %pushi/vec4 4, 0, 4;
    %assign/vec4 v0x562f67a9bba0_0, 0;
T_0.11 ;
    %load/vec4 v0x562f67af4b60_0;
    %parti/s 7, 25, 6;
    %pushi/vec4 1, 0, 7;
    %cmp/e;
    %flag_get/vec4 4;
    %load/vec4 v0x562f67af4b60_0;
    %parti/s 3, 12, 5;
    %pushi/vec4 6, 0, 3;
    %cmp/e;
    %flag_get/vec4 4;
    %and;
    %flag_set/vec4 8;
    %jmp/0xz  T_0.13, 8;
    %pushi/vec4 5, 0, 4;
    %assign/vec4 v0x562f67a9bba0_0, 0;
T_0.13 ;
    %load/vec4 v0x562f67af4b60_0;
    %parti/s 7, 25, 6;
    %pushi/vec4 0, 0, 7;
    %cmp/e;
    %flag_get/vec4 4;
    %load/vec4 v0x562f67af4b60_0;
    %parti/s 3, 12, 5;
    %pushi/vec4 1, 0, 3;
    %cmp/e;
    %flag_get/vec4 4;
    %and;
    %flag_set/vec4 8;
    %jmp/0xz  T_0.15, 8;
    %pushi/vec4 6, 0, 4;
    %assign/vec4 v0x562f67a9bba0_0, 0;
T_0.15 ;
    %load/vec4 v0x562f67af4b60_0;
    %parti/s 7, 25, 6;
    %pushi/vec4 0, 0, 7;
    %cmp/e;
    %flag_get/vec4 4;
    %load/vec4 v0x562f67af4b60_0;
    %parti/s 3, 12, 5;
    %pushi/vec4 5, 0, 3;
    %cmp/e;
    %flag_get/vec4 4;
    %and;
    %flag_set/vec4 8;
    %jmp/0xz  T_0.17, 8;
    %pushi/vec4 7, 0, 4;
    %assign/vec4 v0x562f67a9bba0_0, 0;
T_0.17 ;
    %load/vec4 v0x562f67af4b60_0;
    %parti/s 7, 25, 6;
    %pushi/vec4 32, 0, 7;
    %cmp/e;
    %flag_get/vec4 4;
    %load/vec4 v0x562f67af4b60_0;
    %parti/s 3, 12, 5;
    %pushi/vec4 5, 0, 3;
    %cmp/e;
    %flag_get/vec4 4;
    %and;
    %flag_set/vec4 8;
    %jmp/0xz  T_0.19, 8;
    %pushi/vec4 8, 0, 4;
    %assign/vec4 v0x562f67a9bba0_0, 0;
T_0.19 ;
    %jmp T_0.2;
T_0.1 ;
    %pushi/vec4 1, 0, 3;
    %assign/vec4 v0x562f67af4a80_0, 0;
    %pushi/vec4 1, 0, 1;
    %assign/vec4 v0x562f67af4dc0_0, 0;
    %pushi/vec4 1, 0, 3;
    %assign/vec4 v0x562f67af4a80_0, 0;
    %pushi/vec4 1, 0, 1;
    %assign/vec4 v0x562f67af4750_0, 0;
    %pushi/vec4 0, 0, 1;
    %assign/vec4 v0x562f67af4c40_0, 0;
    %pushi/vec4 0, 0, 1;
    %assign/vec4 v0x562f67af4d00_0, 0;
    %pushi/vec4 0, 0, 1;
    %assign/vec4 v0x562f67af4810_0, 0;
    %pushi/vec4 0, 0, 1;
    %assign/vec4 v0x562f67af48b0_0, 0;
    %pushi/vec4 0, 0, 1;
    %assign/vec4 v0x562f67af4970_0, 0;
    %pushi/vec4 0, 0, 4;
    %assign/vec4 v0x562f67a9bba0_0, 0;
    %jmp T_0.2;
T_0.2 ;
    %pop/vec4 1;
    %jmp T_0;
    .thread T_0, $push;
    .scope S_0x562f67adb740;
T_1 ;
    %vpi_call 2 12 "$dumpfile", "test" {0 0 0};
    %vpi_call 2 13 "$dumpvars" {0 0 0};
    %pushi/vec4 51, 0, 32;
    %assign/vec4 v0x562f67af5510_0, 0;
    %delay 10, 0;
    %pushi/vec4 28723, 0, 32;
    %assign/vec4 v0x562f67af5510_0, 0;
    %delay 10, 0;
    %pushi/vec4 1073741875, 0, 32;
    %assign/vec4 v0x562f67af5510_0, 0;
    %delay 10, 0;
    %pushi/vec4 8243, 0, 32;
    %assign/vec4 v0x562f67af5510_0, 0;
    %delay 10, 0;
    %pushi/vec4 33570867, 0, 32;
    %assign/vec4 v0x562f67af5510_0, 0;
    %delay 10, 0;
    %pushi/vec4 33579059, 0, 32;
    %assign/vec4 v0x562f67af5510_0, 0;
    %delay 10, 0;
    %pushi/vec4 4147, 0, 32;
    %assign/vec4 v0x562f67af5510_0, 0;
    %delay 10, 0;
    %pushi/vec4 20531, 0, 32;
    %assign/vec4 v0x562f67af5510_0, 0;
    %delay 10, 0;
    %pushi/vec4 1073762355, 0, 32;
    %assign/vec4 v0x562f67af5510_0, 0;
    %delay 10, 0;
    %pushi/vec4 19, 0, 32;
    %assign/vec4 v0x562f67af5510_0, 0;
    %delay 10, 0;
    %vpi_call 2 45 "$finish" {0 0 0};
    %end;
    .thread T_1;
# The file index is used to find the file name in the following table.
:file_names 4;
    "N/A";
    "<interactive>";
    "control_unit_tb.v";
    "control_unit.v";
